Photo Editor/task/build/intermediates/manifest_merge_blame_file/release/manifest-merger-blame-release-report.txt
1<?xml version="1.0" encoding="utf-8"?>
2<manifest xmlns:android="http://schemas.android.com/apk/res/android"
3    package="org.hyperskill.photoeditor"
4    android:versionCode="1"
5    android:versionName="1.0" >
6
7    <uses-sdk
8        android:minSdkVersion="20"
8-->src\main\AndroidManifest.xml
9        android:targetSdkVersion="29" />
9-->src\main\AndroidManifest.xml
10
11    <uses-permission android:name="android.permission.READ_MEDIA_IMAGES" />
11-->src\main\AndroidManifest.xml:5:5-76
11-->src\main\AndroidManifest.xml:5:22-73
12    <uses-permission
12-->src\main\AndroidManifest.xml:7:5-8:38
13        android:name="android.permission.READ_EXTERNAL_STORAGE"
13-->src\main\AndroidManifest.xml:7:22-77
14        android:maxSdkVersion="32" />
14-->src\main\AndroidManifest.xml:8:9-35
15    <uses-permission
15-->src\main\AndroidManifest.xml:10:5-11:38
16        android:name="android.permission.WRITE_EXTERNAL_STORAGE"
16-->src\main\AndroidManifest.xml:10:22-78
17        android:maxSdkVersion="28" />
17-->src\main\AndroidManifest.xml:11:9-35
18
19    <application
19-->src\main\AndroidManifest.xml:13:5-29:19
20        android:allowBackup="true"
20-->src\main\AndroidManifest.xml:14:9-35
21        android:appComponentFactory="androidx.core.app.CoreComponentFactory"
21-->[androidx.core:core:1.6.0] AndroidManifest.xml:24:18-86
22        android:hardwareAccelerated="false"
22-->src\main\AndroidManifest.xml:16:9-44
23        android:icon="@mipmap/ic_launcher"
23-->src\main\AndroidManifest.xml:17:9-43
24        android:label="@string/app_name"
24-->src\main\AndroidManifest.xml:18:9-41
25        android:largeHeap="true"
25-->src\main\AndroidManifest.xml:15:9-33
26        android:roundIcon="@mipmap/ic_launcher_round"
26-->src\main\AndroidManifest.xml:19:9-54
27        android:supportsRtl="true"
27-->src\main\AndroidManifest.xml:20:9-35
28        android:theme="@style/AppTheme" >
28-->src\main\AndroidManifest.xml:21:9-40
29        <activity android:name="org.hyperskill.photoeditor.MainActivity" >
29-->src\main\AndroidManifest.xml:22:9-28:20
29-->src\main\AndroidManifest.xml:22:19-47
30            <intent-filter>
30-->src\main\AndroidManifest.xml:23:13-27:29
31                <action android:name="android.intent.action.MAIN" />
31-->src\main\AndroidManifest.xml:24:17-69
31-->src\main\AndroidManifest.xml:24:25-66
32
33                <category android:name="android.intent.category.LAUNCHER" />
33-->src\main\AndroidManifest.xml:26:17-77
33-->src\main\AndroidManifest.xml:26:27-74
34            </intent-filter>
35        </activity>
36    </application>
37
38</manifest>